<?xml version="1.0" encoding="UTF-8"?>
<coverage generated="1593102693259" clover="3.2.0">
  <project timestamp="1593102693259" name="All files">
    <metrics statements="21" coveredstatements="21" conditionals="2" coveredconditionals="2" methods="10" coveredmethods="10" elements="33" coveredelements="33" complexity="0" loc="21" ncloc="21" packages="1" files="1" classes="1"/>
    <file name="pirate-rpg.js" path="/Users/Dan/Desktop/epicodus-projects/pirateRPG/src/pirate-rpg.js">
      <metrics statements="21" coveredstatements="21" conditionals="2" coveredconditionals="2" methods="10" coveredmethods="10"/>
      <line num="1" count="1" type="stmt"/>
      <line num="2" count="3" type="stmt"/>
      <line num="3" count="3" type="stmt"/>
      <line num="4" count="3" type="stmt"/>
      <line num="5" count="7" type="stmt"/>
      <line num="6" count="7" type="stmt"/>
      <line num="7" count="7" type="stmt"/>
      <line num="11" count="1" type="stmt"/>
      <line num="12" count="3" type="stmt"/>
      <line num="17" count="1" type="stmt"/>
      <line num="18" count="4" type="stmt"/>
      <line num="19" count="4" type="stmt"/>
      <line num="20" count="4" type="stmt"/>
      <line num="27" count="1" type="stmt"/>
      <line num="28" count="1" type="stmt"/>
      <line num="29" count="1" type="stmt"/>
      <line num="36" count="1" type="stmt"/>
      <line num="37" count="1" type="stmt"/>
      <line num="38" count="1" type="stmt"/>
      <line num="39" count="1" type="stmt"/>
      <line num="40" count="1" type="stmt"/>
    </file>
  </project>
</coverage>
