{"/Users/Dan/Desktop/epicodus-projects/pirateRPG/src/pirate-rpg.js": {"path":"/Users/Dan/Desktop/epicodus-projects/pirateRPG/src/pirate-rpg.js","statementMap":{"0":{"start":{"line":1,"column":28},"end":{"line":8,"column":1}},"1":{"start":{"line":2,"column":22},"end":{"line":2,"column":33}},"2":{"start":{"line":3,"column":2},"end":{"line":7,"column":4}},"3":{"start":{"line":4,"column":21},"end":{"line":4,"column":52}},"4":{"start":{"line":5,"column":4},"end":{"line":5,"column":35}},"5":{"start":{"line":6,"column":4},"end":{"line":6,"column":20}},"6":{"start":{"line":10,"column":27},"end":{"line":14,"column":1}},"7":{"start":{"line":11,"column":2},"end":{"line":13,"column":4}},"8":{"start":{"line":11,"column":21},"end":{"line":13,"column":3}},"9":{"start":{"line":16,"column":28},"end":{"line":23,"column":1}},"10":{"start":{"line":17,"column":2},"end":{"line":22,"column":3}},"11":{"start":{"line":18,"column":4},"end":{"line":21,"column":6}},"12":{"start":{"line":18,"column":23},"end":{"line":21,"column":5}},"13":{"start":{"line":25,"column":28},"end":{"line":32,"column":1}},"14":{"start":{"line":26,"column":2},"end":{"line":31,"column":3}},"15":{"start":{"line":27,"column":4},"end":{"line":30,"column":6}},"16":{"start":{"line":27,"column":23},"end":{"line":30,"column":5}},"17":{"start":{"line":33,"column":27},"end":{"line":42,"column":1}},"18":{"start":{"line":34,"column":2},"end":{"line":34,"column":32}},"19":{"start":{"line":35,"column":2},"end":{"line":41,"column":5}},"20":{"start":{"line":36,"column":6},"end":{"line":36,"column":33}},"21":{"start":{"line":37,"column":6},"end":{"line":37,"column":25}},"22":{"start":{"line":38,"column":6},"end":{"line":38,"column":17}},"23":{"start":{"line":40,"column":6},"end":{"line":40,"column":18}},"24":{"start":{"line":44,"column":24},"end":{"line":44,"column":46}},"25":{"start":{"line":45,"column":24},"end":{"line":45,"column":117}},"26":{"start":{"line":46,"column":21},"end":{"line":46,"column":34}},"27":{"start":{"line":47,"column":21},"end":{"line":47,"column":31}},"28":{"start":{"line":48,"column":17},"end":{"line":48,"column":33}},"29":{"start":{"line":50,"column":23},"end":{"line":50,"column":47}}},"fnMap":{"0":{"name":"(anonymous_0)","decl":{"start":{"line":1,"column":28},"end":{"line":1,"column":29}},"loc":{"start":{"line":1,"column":45},"end":{"line":8,"column":1}},"line":1},"1":{"name":"(anonymous_1)","decl":{"start":{"line":3,"column":9},"end":{"line":3,"column":10}},"loc":{"start":{"line":3,"column":32},"end":{"line":7,"column":3}},"line":3},"2":{"name":"(anonymous_2)","decl":{"start":{"line":10,"column":27},"end":{"line":10,"column":28}},"loc":{"start":{"line":10,"column":33},"end":{"line":14,"column":1}},"line":10},"3":{"name":"(anonymous_3)","decl":{"start":{"line":11,"column":9},"end":{"line":11,"column":10}},"loc":{"start":{"line":11,"column":21},"end":{"line":13,"column":3}},"line":11},"4":{"name":"(anonymous_4)","decl":{"start":{"line":16,"column":28},"end":{"line":16,"column":29}},"loc":{"start":{"line":16,"column":38},"end":{"line":23,"column":1}},"line":16},"5":{"name":"(anonymous_5)","decl":{"start":{"line":17,"column":9},"end":{"line":17,"column":10}},"loc":{"start":{"line":17,"column":20},"end":{"line":22,"column":3}},"line":17},"6":{"name":"(anonymous_6)","decl":{"start":{"line":18,"column":11},"end":{"line":18,"column":12}},"loc":{"start":{"line":18,"column":23},"end":{"line":21,"column":5}},"line":18},"7":{"name":"(anonymous_7)","decl":{"start":{"line":25,"column":28},"end":{"line":25,"column":29}},"loc":{"start":{"line":25,"column":38},"end":{"line":32,"column":1}},"line":25},"8":{"name":"(anonymous_8)","decl":{"start":{"line":26,"column":9},"end":{"line":26,"column":10}},"loc":{"start":{"line":26,"column":20},"end":{"line":31,"column":3}},"line":26},"9":{"name":"(anonymous_9)","decl":{"start":{"line":27,"column":11},"end":{"line":27,"column":12}},"loc":{"start":{"line":27,"column":23},"end":{"line":30,"column":5}},"line":27},"10":{"name":"(anonymous_10)","decl":{"start":{"line":33,"column":27},"end":{"line":33,"column":28}},"loc":{"start":{"line":33,"column":68},"end":{"line":42,"column":1}},"line":33}},"branchMap":{"0":{"loc":{"start":{"line":29,"column":16},"end":{"line":29,"column":32}},"type":"binary-expr","locations":[{"start":{"line":29,"column":16},"end":{"line":29,"column":27}},{"start":{"line":29,"column":31},"end":{"line":29,"column":32}}],"line":29},"1":{"loc":{"start":{"line":35,"column":2},"end":{"line":41,"column":5}},"type":"if","locations":[{"start":{"line":35,"column":2},"end":{"line":41,"column":5}},{"start":{"line":35,"column":2},"end":{"line":41,"column":5}}],"line":35}},"s":{"0":1,"1":4,"2":4,"3":6,"4":6,"5":6,"6":1,"7":3,"8":2,"9":1,"10":4,"11":4,"12":3,"13":1,"14":3,"15":3,"16":1,"17":1,"18":1,"19":1,"20":0,"21":0,"22":0,"23":1,"24":1,"25":1,"26":1,"27":1,"28":1,"29":1},"f":{"0":4,"1":6,"2":3,"3":2,"4":4,"5":4,"6":3,"7":3,"8":3,"9":1,"10":1},"b":{"0":[1,1],"1":[0,1]},"_coverageSchema":"43e27e138ebf9cfc5966b082cf9a028302ed4184","hash":"c31e8dc3ca808b48cd270f36ac95f44d1630ed6e"}
}
