{"/Users/Dan/Desktop/epicodus-projects/pirateRPG/src/pirate-rpg.js": {"path":"/Users/Dan/Desktop/epicodus-projects/pirateRPG/src/pirate-rpg.js","statementMap":{"0":{"start":{"line":1,"column":28},"end":{"line":9,"column":1}},"1":{"start":{"line":2,"column":22},"end":{"line":2,"column":33}},"2":{"start":{"line":3,"column":3},"end":{"line":3,"column":28}},"3":{"start":{"line":4,"column":2},"end":{"line":8,"column":4}},"4":{"start":{"line":5,"column":21},"end":{"line":5,"column":52}},"5":{"start":{"line":6,"column":4},"end":{"line":6,"column":35}},"6":{"start":{"line":7,"column":4},"end":{"line":7,"column":20}},"7":{"start":{"line":11,"column":27},"end":{"line":15,"column":1}},"8":{"start":{"line":12,"column":2},"end":{"line":14,"column":4}},"9":{"start":{"line":12,"column":21},"end":{"line":14,"column":3}},"10":{"start":{"line":17,"column":28},"end":{"line":25,"column":1}},"11":{"start":{"line":18,"column":2},"end":{"line":18,"column":20}},"12":{"start":{"line":19,"column":2},"end":{"line":24,"column":3}},"13":{"start":{"line":20,"column":4},"end":{"line":23,"column":6}},"14":{"start":{"line":20,"column":23},"end":{"line":23,"column":5}},"15":{"start":{"line":27,"column":24},"end":{"line":27,"column":117}},"16":{"start":{"line":28,"column":0},"end":{"line":28,"column":24}},"17":{"start":{"line":29,"column":21},"end":{"line":29,"column":34}},"18":{"start":{"line":30,"column":16},"end":{"line":30,"column":42}},"19":{"start":{"line":31,"column":17},"end":{"line":31,"column":33}}},"fnMap":{"0":{"name":"(anonymous_0)","decl":{"start":{"line":1,"column":28},"end":{"line":1,"column":29}},"loc":{"start":{"line":1,"column":45},"end":{"line":9,"column":1}},"line":1},"1":{"name":"(anonymous_1)","decl":{"start":{"line":4,"column":9},"end":{"line":4,"column":10}},"loc":{"start":{"line":4,"column":32},"end":{"line":8,"column":3}},"line":4},"2":{"name":"(anonymous_2)","decl":{"start":{"line":11,"column":27},"end":{"line":11,"column":28}},"loc":{"start":{"line":11,"column":33},"end":{"line":15,"column":1}},"line":11},"3":{"name":"(anonymous_3)","decl":{"start":{"line":12,"column":9},"end":{"line":12,"column":10}},"loc":{"start":{"line":12,"column":21},"end":{"line":14,"column":3}},"line":12},"4":{"name":"(anonymous_4)","decl":{"start":{"line":17,"column":28},"end":{"line":17,"column":29}},"loc":{"start":{"line":17,"column":38},"end":{"line":25,"column":1}},"line":17},"5":{"name":"(anonymous_5)","decl":{"start":{"line":19,"column":9},"end":{"line":19,"column":10}},"loc":{"start":{"line":19,"column":20},"end":{"line":24,"column":3}},"line":19},"6":{"name":"(anonymous_6)","decl":{"start":{"line":20,"column":11},"end":{"line":20,"column":12}},"loc":{"start":{"line":20,"column":23},"end":{"line":23,"column":5}},"line":20}},"branchMap":{},"s":{"0":1,"1":3,"2":3,"3":3,"4":6,"5":6,"6":6,"7":1,"8":3,"9":3,"10":1,"11":4,"12":4,"13":4,"14":3,"15":1,"16":1,"17":1,"18":1,"19":1},"f":{"0":3,"1":6,"2":3,"3":3,"4":4,"5":4,"6":3},"b":{},"_coverageSchema":"43e27e138ebf9cfc5966b082cf9a028302ed4184","hash":"071edae8427967a682b9432678b5c840021fe50e"}
}
